<?xml version="1.0" encoding="UTF-8"?>
<!-- Generated by org.testng.reporters.JUnitReportReporter -->
<testsuite hostname="Karthigeyan" failures="0" tests="1" name="test.NewTest" time="4.183" errors="0" timestamp="2024-02-16T14:42:12 IST" skipped="0">
  <testcase classname="test.NewTest" name="LaunchApplication" time="4.183"/>
  <system-out/>
</testsuite> <!-- test.NewTest -->
